[21848:16248:0624/211647.276:VERBOSE1:components\enterprise\browser\controller\chrome_browser_cloud_management_controller.cc:121] DM token = empty
[21848:16248:0624/211647.276:VERBOSE1:components\enterprise\browser\controller\chrome_browser_cloud_management_controller.cc:127] Enrollment token = 
[21848:16248:0624/211647.276:VERBOSE1:components\enterprise\browser\controller\chrome_browser_cloud_management_controller.cc:128] Client ID = e799593b-e347-4499-845c-8220c513138a
[21848:16248:0624/211647.280:VERBOSE1:components\variations\service\variations_field_trial_creator.cc:77] VariationsSeedUsage:2
[21848:16248:0624/211647.281:VERBOSE1:components\variations\service\variations_field_trial_creator.cc:374] VariationsSetupComplete
[21848:16248:0624/211647.356:VERBOSE1:chrome\browser\media\webrtc\webrtc_event_log_manager.cc:122] WebRTC remote-bound event logging enabled.
[21848:16248:0624/211647.358:VERBOSE1:components\proxy_config\pref_proxy_config_tracker_impl.cc:462] 0x183c02308680: set chrome proxy config service to 0x183c0236c1c0
[21848:16248:0624/211647.366:VERBOSE1:components\device_event_log\device_event_log_impl.cc:204] [21:16:47.360] Display: EVENT: screen_win.cc:1092 Displays updated, count: 1
[21848:16248:0624/211647.366:VERBOSE1:components\device_event_log\device_event_log_impl.cc:204] [21:16:47.366] Display: EVENT: screen_win.cc:1094 Display[1] bounds=[0,0 800x600], workarea=[0,0 800x600], scale=1, rotation=0, panel_rotation=0 external detected
[21848:16248:0624/211647.393:VERBOSE1:components\enterprise\browser\controller\chrome_browser_cloud_management_controller.cc:210] Starting CBCM Controller Initialization
[21848:16248:0624/211647.393:INFO:components\enterprise\browser\controller\chrome_browser_cloud_management_controller.cc:238] No machine level policy manager exists.
[21848:16248:0624/211647.393:VERBOSE1:chrome\installer\util\install_util.cc:218] Existing Chrome version found: 148.0.7778.179
[21848:16248:0624/211647.395:VERBOSE1:chrome\browser\enterprise\platform_auth\platform_auth_policy_observer.cc:108] PlatformAuthProviderManager enabled: 0
[21848:16248:0624/211647.403:VERBOSE1:components\policy\core\common\cloud\user_cloud_policy_store.cc:130] [policy_type=google/chrome/user] Initiating immediate policy load from disk
[21848:16248:0624/211647.403:VERBOSE1:components\policy\core\common\cloud\user_cloud_policy_store.cc:233] [policy_type=google/chrome/user] No policy found on disk
[21848:16248:0624/211647.433:VERBOSE1:components\proxy_config\pref_proxy_config_tracker_impl.cc:462] 0x183c0230c100: set chrome proxy config service to 0x183c0236f100
[21848:16248:0624/211647.434:VERBOSE1:components\signin\internal\identity_manager\mutable_profile_oauth2_token_service_delegate.cc:353] MutablePO2TS::MutablePO2TS
[21848:16248:0624/211647.437:VERBOSE1:components\proxy_config\pref_proxy_config_tracker_impl.cc:462] 0x183c0230de40: set chrome proxy config service to 0x183c0236ebc0
[21848:16248:0624/211647.438:VERBOSE1:components\device_event_log\device_event_log_impl.cc:204] [21:16:47.438] Bluetooth: EVENT: bluetooth_api.cc:82 BluetoothAPI: 0x183c02327500
[21848:16248:0624/211647.439:VERBOSE1:chrome\browser\permissions\prediction_service\prediction_model_handler_provider_factory.cc:61] [PermissionsAI]: PredictionModelHandlerProviderFactory::BuildServiceInstanceForBrowserContext
[21848:16248:0624/211647.439:VERBOSE1:chrome\browser\permissions\prediction_service\prediction_model_handler_provider_factory.cc:98] [PermissionsAI]: PredictionModelHandlerProviderFactory::BuildServiceInstanceForBrowserContext PermissionsAIv4 not enabled, passage embedder not setup.
[21848:16248:0624/211647.439:VERBOSE1:chrome\browser\permissions\prediction_service\prediction_model_handler_provider.cc:55] [PermissionsAI] PredictionModelHandlerProvider ctor passage_embedder available: false
[21848:16248:0624/211647.439:VERBOSE1:chrome\browser\permissions\prediction_service\prediction_model_handler_provider.cc:58] [PermissionsAI] PredictionModelHandlerProvider ctor optimization_guide available: true
[21848:16248:0624/211647.441:VERBOSE1:components\signin\internal\identity_manager\mutable_profile_oauth2_token_service_delegate.cc:443] MutablePO2TS::RefreshTokenIsAvailable
[21848:16248:0624/211647.442:VERBOSE1:extensions\browser\api\bluetooth_low_energy\bluetooth_low_energy_event_router.cc:292] Initializing BluetoothLowEnergyEventRouter.
[21848:16248:0624/211647.443:VERBOSE1:google_apis\gaia\gaia_auth_util.cc:53] Canonicalized @gmail.com to @gmail.com
[21848:16248:0624/211647.443:VERBOSE1:google_apis\gaia\gaia_auth_util.cc:53] Canonicalized @gmail.com to @gmail.com
[21848:16248:0624/211647.444:VERBOSE1:components\signin\core\browser\account_reconcilor.cc:149] AccountReconcilor::AccountReconcilor
[21848:16248:0624/211647.444:VERBOSE1:components\signin\core\browser\account_reconcilor.cc:179] AccountReconcilor::Initialize
[21848:16248:0624/211647.444:VERBOSE1:components\signin\core\browser\account_reconcilor.cc:230] AccountReconcilor::RegisterWithContentSettings
[21848:16248:0624/211647.444:VERBOSE1:components\signin\core\browser\account_reconcilor.cc:253] AccountReconcilor::RegisterWithIdentityManager
[21848:16248:0624/211647.444:VERBOSE1:components\signin\internal\identity_manager\mutable_profile_oauth2_token_service_delegate.cc:443] MutablePO2TS::RefreshTokenIsAvailable
[21848:16248:0624/211647.444:VERBOSE1:chrome\browser\actor\aggregated_journal.cc:232] [ActorTool]: GlicActorPolicyChecker::ComputeActOnWebCapability: outcome=kNo reasons=kAccountCapabilityIneligible 
[21848:16248:0624/211647.446:VERBOSE1:components\signin\internal\identity_manager\mutable_profile_oauth2_token_service_delegate.cc:443] MutablePO2TS::RefreshTokenIsAvailable
[21848:16248:0624/211647.446:VERBOSE1:components\signin\internal\identity_manager\mutable_profile_oauth2_token_service_delegate.cc:443] MutablePO2TS::RefreshTokenIsAvailable
[21848:16248:0624/211647.446:VERBOSE1:components\signin\internal\identity_manager\mutable_profile_oauth2_token_service_delegate.cc:443] MutablePO2TS::RefreshTokenIsAvailable
[21848:16248:0624/211647.448:VERBOSE1:components\signin\internal\identity_manager\mutable_profile_oauth2_token_service_delegate.cc:443] MutablePO2TS::RefreshTokenIsAvailable
[21848:16248:0624/211647.460:VERBOSE1:extensions\browser\extension_registrar.cc:547] AddComponentExtension Web Store
[21848:16248:0624/211647.460:VERBOSE1:extensions\browser\extension_registrar.cc:549] Component extension Web Store (ahfgeienlihckogmohjhadlkjgocpleb) installing/upgrading from '' to 0.2
[21848:16248:0624/211647.461:VERBOSE1:extensions\browser\extension_registrar.cc:547] AddComponentExtension Chrome PDF Viewer
[21848:16248:0624/211647.461:VERBOSE1:extensions\browser\extension_registrar.cc:549] Component extension Chrome PDF Viewer (mhjfbmdgcfjbbpaeojofohoefgiehjai) installing/upgrading from '' to 1
[21848:16248:0624/211647.461:VERBOSE1:extensions\browser\extension_registrar.cc:547] AddComponentExtension Google Hangouts
[21848:16248:0624/211647.461:VERBOSE1:extensions\browser\extension_registrar.cc:549] Component extension Google Hangouts (nkeimhogjdpnpccoofpliimaahmaaome) installing/upgrading from '' to 1.3.26
[21848:16248:0624/211647.463:VERBOSE1:extensions\browser\extension_registrar.cc:547] AddComponentExtension Google Network Speech
[21848:16248:0624/211647.463:VERBOSE1:extensions\browser\extension_registrar.cc:549] Component extension Google Network Speech (fignfifoniblkonapihmkfakmlgkbkcf) installing/upgrading from '' to 1.0
[21848:16248:0624/211647.465:VERBOSE1:components\signin\internal\identity_manager\mutable_profile_oauth2_token_service_delegate.cc:443] MutablePO2TS::RefreshTokenIsAvailable
[21848:16248:0624/211647.465:VERBOSE1:components\signin\internal\identity_manager\mutable_profile_oauth2_token_service_delegate.cc:443] MutablePO2TS::RefreshTokenIsAvailable
[21848:16248:0624/211647.469:VERBOSE1:components\component_updater\installer_policies\on_device_head_suggest_component_installer.cc:59] On Device Head Component will fetch model for locale: ENUS500000
[21848:16248:0624/211647.469:VERBOSE1:chrome\browser\component_updater\trust_token_key_commitments_component_installer.cc:22] Registering Trust Token Key Commitments component.
[21848:16248:0624/211647.469:VERBOSE1:chrome\browser\component_updater\first_party_sets_component_installer.cc:37] Registering Related Website Sets component.
[21848:16248:0624/211647.469:VERBOSE1:chrome\browser\component_updater\privacy_sandbox_attestations_component_installer.cc:181] Registering Privacy Sandbox Attestations component
[21848:16248:0624/211647.469:VERBOSE1:chrome\browser\component_updater\file_type_policies_component_installer.cc:126] Registering File Type Policies component.
[21848:16248:0624/211647.470:VERBOSE1:chrome\browser\component_updater\hyphenation_component_installer.cc:148] Registering Hyphenation component.
[21848:16248:0624/211647.470:VERBOSE1:components\component_updater\installer_policies\actor_safety_lists_component_installer.cc:141] Registering Actor Safety Lists Component.
[21848:16248:0624/211647.470:VERBOSE1:chrome\browser\component_updater\translate_kit_component_installer.cc:210] Registering TranslateKit component.
[21848:16248:0624/211647.470:VERBOSE1:chrome\browser\component_updater\wasm_tts_engine_component_installer.cc:286] Registering WASM TTS Engine component.
[21848:16248:0624/211647.470:VERBOSE1:chrome\browser\component_updater\captcha_provider_component_installer.cc:175] Registering Captcha Provider component.
[21848:16248:0624/211647.472:VERBOSE1:chrome\browser\profiles\profile_manager.cc:1408] AddKeepAlive(Default, kBrowserWindow). keep_alives=[kWaitingForFirstBrowserWindow (1), kBrowserWindow (1)]
[21848:16248:0624/211647.472:VERBOSE1:chrome\browser\profiles\profile_manager.cc:1490] ClearFirstBrowserWindowKeepAlive(Default). keep_alives=[kBrowserWindow (1)]
[21848:16248:0624/211647.472:VERBOSE1:components\signin\internal\identity_manager\mutable_profile_oauth2_token_service_delegate.cc:443] MutablePO2TS::RefreshTokenIsAvailable
[21848:16248:0624/211647.472:VERBOSE1:components\signin\internal\identity_manager\mutable_profile_oauth2_token_service_delegate.cc:443] MutablePO2TS::RefreshTokenIsAvailable
[21848:13544:0624/211647.475:VERBOSE1:components\component_updater\component_installer.cc:477] StartRegistration for Privacy Sandbox Attestations
[21848:13544:0624/211647.476:VERBOSE1:components\component_updater\component_installer.cc:312] Preinstalled component found for Privacy Sandbox Attestations at C:\Program Files (x86)\Google\Chrome\Application\148.0.7778.179\PrivacySandboxAttestationsPreloaded with version 2025.7.18.0.
[21848:12456:0624/211647.486:VERBOSE1:net\disk_cache\simple\simple_index_file.cc:609] Simple Cache Index is being restored from disk.
[21848:11492:0624/211647.487:VERBOSE1:net\disk_cache\simple\simple_index_file.cc:609] Simple Cache Index is being restored from disk.
[21848:16248:0624/211647.489:VERBOSE1:components\signin\internal\identity_manager\mutable_profile_oauth2_token_service_delegate.cc:443] MutablePO2TS::RefreshTokenIsAvailable
[21848:16248:0624/211647.490:VERBOSE1:components\signin\internal\identity_manager\mutable_profile_oauth2_token_service_delegate.cc:443] MutablePO2TS::RefreshTokenIsAvailable
[21848:15596:0624/211647.501:VERBOSE1:components\component_updater\component_installer.cc:477] StartRegistration for Chrome Improved Recovery
[21848:18608:0624/211647.502:VERBOSE1:components\component_updater\component_installer.cc:477] StartRegistration for Widevine Content Decryption Module
[21848:18608:0624/211647.502:VERBOSE1:components\component_updater\component_installer.cc:312] Preinstalled component found for Widevine Content Decryption Module at C:\Program Files (x86)\Google\Chrome\Application\148.0.7778.179\WidevineCdm with version 4.10.3050.0.
[21848:18608:0624/211647.504:VERBOSE1:components\component_updater\component_installer.cc:477] StartRegistration for Subresource Filter Rules
[21848:18608:0624/211647.505:VERBOSE1:components\component_updater\component_installer.cc:477] StartRegistration for OnDeviceHeadSuggest
[21848:14924:0624/211647.505:VERBOSE1:components\component_updater\component_installer.cc:477] StartRegistration for Optimization Hints
[21848:9120:0624/211647.505:VERBOSE1:components\component_updater\component_installer.cc:477] StartRegistration for Trust Token Key Commitments
[21848:18608:0624/211647.506:VERBOSE1:components\component_updater\component_installer.cc:477] StartRegistration for Certificate Error Assistant
[21848:14924:0624/211647.506:VERBOSE1:components\component_updater\component_installer.cc:477] StartRegistration for File Type Policies
[21848:9120:0624/211647.507:VERBOSE1:components\component_updater\component_installer.cc:477] StartRegistration for CRLSet
[21848:18608:0624/211647.508:VERBOSE1:components\component_updater\component_installer.cc:477] StartRegistration for Origin Trials
[21848:14924:0624/211647.508:VERBOSE1:components\component_updater\component_installer.cc:477] StartRegistration for MEI Preload
[21848:9120:0624/211647.508:VERBOSE1:components\component_updater\component_installer.cc:477] StartRegistration for PKI Metadata
[21848:18608:0624/211647.509:VERBOSE1:components\component_updater\component_installer.cc:477] StartRegistration for Safety Tips
[21848:18348:0624/211647.509:VERBOSE1:components\component_updater\component_installer.cc:477] StartRegistration for Crowd Deny
[21848:12876:0624/211647.509:VERBOSE1:components\component_updater\component_installer.cc:477] StartRegistration for Hyphenation
[21848:14924:0624/211647.509:VERBOSE1:components\component_updater\component_installer.cc:312] Preinstalled component found for MEI Preload at C:\Program Files (x86)\Google\Chrome\Application\148.0.7778.179\MEIPreload with version 1.0.7.1652906823.
[21848:9120:0624/211647.510:VERBOSE1:components\component_updater\component_installer.cc:477] StartRegistration for Zxcvbn Data Dictionaries
[21848:13544:0624/211647.510:VERBOSE1:components\component_updater\component_installer.cc:477] StartRegistration for Actor Safety Lists
[21848:12876:0624/211647.511:VERBOSE1:components\component_updater\component_installer.cc:477] StartRegistration for Amount Extraction Heuristic Regexes
[21848:18608:0624/211647.511:VERBOSE1:components\component_updater\component_installer.cc:477] StartRegistration for WASM TTS Engine
[21848:18348:0624/211647.513:VERBOSE1:components\component_updater\component_installer.cc:477] StartRegistration for Captcha Providers
[21848:5680:0624/211647.540:VERBOSE1:components\signin\public\webdata\token_service_table.cc:259] Loaded tokens: result = 3 ; number of tokens loaded = 0
[21848:11224:0624/211647.570:VERBOSE1:extensions\browser\content_verifier\content_verifier.cc:944] OnFetchComplete ahfgeienlihckogmohjhadlkjgocpleb success:0
[21848:11224:0624/211647.570:VERBOSE1:extensions\browser\content_verifier\content_verifier.cc:944] OnFetchComplete mhjfbmdgcfjbbpaeojofohoefgiehjai success:0
[21848:11224:0624/211647.571:VERBOSE1:extensions\browser\content_verifier\content_verifier.cc:944] OnFetchComplete nkeimhogjdpnpccoofpliimaahmaaome success:0
[21848:11224:0624/211647.571:VERBOSE1:extensions\browser\content_verifier\content_verifier.cc:944] OnFetchComplete fignfifoniblkonapihmkfakmlgkbkcf success:0
[21848:11492:0624/211647.571:WARNING:chrome\browser\extensions\external_pref_loader.cc:294] You are using an old-style extension deployment method (external_extensions.json), which will soon be deprecated. (see http://developer.chrome.com/docs/extensions/how-to/distribute/install-extensions)
[8904:8412:0624/211647.574:ERROR:ui\gl\direct_composition_support.cc:243] GetGpuDriverOverlayInfo: Failed to retrieve video device
[8904:8412:0624/211647.577:VERBOSE1:components\viz\service\main\viz_main_impl.cc:87] VizNullHypothesis is disabled (not a warning)
[21848:16248:0624/211647.581:VERBOSE1:chrome\browser\ui\views\omnibox\omnibox_popup_closer.cc:65] Closing omnibox popup with reason: kRevertAll
[21848:16248:0624/211647.583:VERBOSE1:chrome\browser\ui\views\omnibox\omnibox_popup_closer.cc:65] Closing omnibox popup with reason: kBrowserWidgetMoved
[21848:16248:0624/211647.601:VERBOSE1:components\signin\internal\identity_manager\mutable_profile_oauth2_token_service_delegate.cc:443] MutablePO2TS::RefreshTokenIsAvailable
[21848:16248:0624/211647.637:VERBOSE1:chrome\browser\enterprise\data_protection\data_protection_navigation_observer.cc:222] enterprise.data_protection: same document navigation: 0
[21848:16248:0624/211647.637:VERBOSE1:chrome\browser\enterprise\data_protection\data_protection_navigation_observer.cc:224] enterprise.data_protection: URL to scan: file:///C:/Users/THIS%20PC/Desktop/%E0%B8%A3%E0%B8%A7%E0%B8%A1%E0%B9%80%E0%B8%A3%E0%B8%B7%E0%B9%88%E0%B8%AD%E0%B8%87%E0%B8%87%E0%B8%B2%E0%B8%99/MIS%20Interactive%20Dashboard/PMIS%205%20May%2069.html
[21848:16248:0624/211647.638:VERBOSE1:components\signin\internal\identity_manager\mutable_profile_oauth2_token_service_delegate.cc:443] MutablePO2TS::RefreshTokenIsAvailable
[21848:16248:0624/211647.669:VERBOSE1:chrome\browser\ui\views\omnibox\omnibox_popup_closer.cc:65] Closing omnibox popup with reason: kRevertAll
[21848:16248:0624/211647.679:VERBOSE1:components\signin\internal\identity_manager\mutable_profile_oauth2_token_service_delegate.cc:443] MutablePO2TS::RefreshTokenIsAvailable
[22016:7788:0624/211647.688:VERBOSE1:net\base\network_delegate.cc:38] NetworkDelegate::NotifyBeforeURLRequest: http://clients2.google.com/time/1/current?cup2key=10:xrY1Fj3QRcw1mawTh36-pVxPfcvVmhJG7scn4ja2OuI&cup2hreq=e3b0c44298fc1c149afbf4c8996fb92427ae41e4649b934ca495991b7852b855
[21848:16248:0624/211647.698:VERBOSE1:components\signin\internal\identity_manager\mutable_profile_oauth2_token_service_delegate.cc:443] MutablePO2TS::RefreshTokenIsAvailable
[1504:25584:0624/211647.701:INFO:third_party\webrtc\rtc_base\cpu_info.cc:77] Available number of cores: 8
[21848:16248:0624/211647.701:VERBOSE1:components\component_updater\component_installer.cc:556] FinishRegistration for Privacy Sandbox Attestations
[21848:16248:0624/211647.701:VERBOSE1:components\component_updater\component_updater_service.cc:169] CrxUpdateService starting up. First update attempt will take place in 60 s seconds. Next update attempt will take place in 18000 s seconds. 
[21848:16248:0624/211647.702:VERBOSE1:components\component_updater\component_installer.cc:597] Component ready, version 2025.7.18.0 in C:\Program Files (x86)\Google\Chrome\Application\148.0.7778.179\PrivacySandboxAttestationsPreloaded
[21848:16248:0624/211647.702:VERBOSE1:chrome\browser\component_updater\privacy_sandbox_attestations_component_installer.cc:111] Privacy Sandbox Attestations Component ready, version 2025.7.18.0 in C:\Program Files (x86)\Google\Chrome\Application\148.0.7778.179\PrivacySandboxAttestationsPreloaded
[21848:16248:0624/211647.702:VERBOSE1:chrome\browser\component_updater\privacy_sandbox_attestations_component_installer.cc:188] Received privacy sandbox attestations file
[21848:16248:0624/211647.702:VERBOSE1:components\component_updater\component_installer.cc:556] FinishRegistration for Widevine Content Decryption Module
[21848:16248:0624/211647.703:VERBOSE1:components\component_updater\component_installer.cc:597] Component ready, version 4.10.3050.0 in C:\Program Files (x86)\Google\Chrome\Application\148.0.7778.179\WidevineCdm
[21848:16248:0624/211647.703:VERBOSE1:components\component_updater\component_installer.cc:556] FinishRegistration for Subresource Filter Rules
[22016:7788:0624/211647.703:VERBOSE1:net\base\network_delegate.cc:38] NetworkDelegate::NotifyBeforeURLRequest: https://safebrowsingohttpgateway.googleapis.com/v1/ohttp/hpkekeyconfig?key=AIzaSyA2KlwBX3mkFo30om9LUFYQhpqLoa_BNhE
[21848:16248:0624/211647.703:VERBOSE1:components\component_updater\component_installer.cc:556] FinishRegistration for OnDeviceHeadSuggest
[21848:16248:0624/211647.703:VERBOSE1:components\component_updater\component_installer.cc:556] FinishRegistration for Optimization Hints
[21848:16248:0624/211647.703:VERBOSE1:components\component_updater\component_installer.cc:556] FinishRegistration for Trust Token Key Commitments
[21848:16248:0624/211647.703:VERBOSE1:components\component_updater\component_installer.cc:556] FinishRegistration for Certificate Error Assistant
[21848:16248:0624/211647.703:VERBOSE1:components\component_updater\component_installer.cc:556] FinishRegistration for File Type Policies
[21848:16248:0624/211647.704:VERBOSE1:components\component_updater\component_installer.cc:556] FinishRegistration for CRLSet
[21848:16248:0624/211647.704:VERBOSE1:components\component_updater\component_installer.cc:556] FinishRegistration for Origin Trials
[21848:16248:0624/211647.704:VERBOSE1:components\component_updater\component_installer.cc:556] FinishRegistration for PKI Metadata
[21848:16248:0624/211647.704:VERBOSE1:components\component_updater\component_installer.cc:556] FinishRegistration for Hyphenation
[21848:16248:0624/211647.704:VERBOSE1:components\component_updater\component_installer.cc:556] FinishRegistration for Safety Tips
[21848:16248:0624/211647.704:VERBOSE1:components\component_updater\component_installer.cc:556] FinishRegistration for Crowd Deny
[21848:16248:0624/211647.704:VERBOSE1:components\component_updater\component_installer.cc:556] FinishRegistration for MEI Preload
[21848:16248:0624/211647.704:VERBOSE1:components\component_updater\component_installer.cc:597] Component ready, version 1.0.7.1652906823 in C:\Program Files (x86)\Google\Chrome\Application\148.0.7778.179\MEIPreload
[21848:16248:0624/211647.704:VERBOSE1:components\component_updater\component_installer.cc:556] FinishRegistration for Zxcvbn Data Dictionaries
[21848:16248:0624/211647.705:VERBOSE1:components\component_updater\component_installer.cc:556] FinishRegistration for WASM TTS Engine
[21848:16248:0624/211647.705:VERBOSE1:components\component_updater\component_installer.cc:556] FinishRegistration for Actor Safety Lists
[21848:16248:0624/211647.705:VERBOSE1:components\component_updater\component_installer.cc:556] FinishRegistration for Captcha Providers
[21848:16248:0624/211647.705:VERBOSE1:components\component_updater\component_installer.cc:556] FinishRegistration for Amount Extraction Heuristic Regexes
[21848:16248:0624/211647.705:VERBOSE1:components\component_updater\component_installer.cc:556] FinishRegistration for Chrome Improved Recovery
[21848:16248:0624/211647.705:VERBOSE1:components\signin\internal\identity_manager\mutable_profile_oauth2_token_service_delegate.cc:599] MutablePO2TS::OnWebDataServiceRequestDone. Result type: 6
[21848:16248:0624/211647.705:VERBOSE1:components\signin\internal\identity_manager\mutable_profile_oauth2_token_service_delegate.cc:661] MutablePO2TS::LoadAllCredentialsIntoMemory; 0 credential(s).
[21848:16248:0624/211647.705:VERBOSE1:components\signin\internal\identity_manager\mutable_profile_oauth2_token_service_delegate.cc:443] MutablePO2TS::RefreshTokenIsAvailable
[21848:16248:0624/211647.705:VERBOSE1:google_apis\gaia\gaia_auth_util.cc:53] Canonicalized @gmail.com to @gmail.com
[21848:16248:0624/211647.705:VERBOSE1:google_apis\gaia\gaia_auth_util.cc:53] Canonicalized @gmail.com to @gmail.com
[21848:16248:0624/211647.706:VERBOSE1:components\signin\internal\identity_manager\mutable_profile_oauth2_token_service_delegate.cc:443] MutablePO2TS::RefreshTokenIsAvailable
[21848:16248:0624/211647.707:VERBOSE1:components\signin\internal\identity_manager\mutable_profile_oauth2_token_service_delegate.cc:443] MutablePO2TS::RefreshTokenIsAvailable
[21848:16248:0624/211647.707:VERBOSE1:components\signin\internal\identity_manager\mutable_profile_oauth2_token_service_delegate.cc:443] MutablePO2TS::RefreshTokenIsAvailable
[21848:16248:0624/211647.707:VERBOSE1:components\signin\internal\identity_manager\mutable_profile_oauth2_token_service_delegate.cc:443] MutablePO2TS::RefreshTokenIsAvailable
[21848:16248:0624/211647.707:VERBOSE1:components\signin\internal\identity_manager\mutable_profile_oauth2_token_service_delegate.cc:443] MutablePO2TS::RefreshTokenIsAvailable
[21848:16248:0624/211647.707:VERBOSE1:components\signin\internal\identity_manager\mutable_profile_oauth2_token_service_delegate.cc:443] MutablePO2TS::RefreshTokenIsAvailable
[21848:16248:0624/211647.707:VERBOSE1:components\signin\internal\identity_manager\mutable_profile_oauth2_token_service_delegate.cc:443] MutablePO2TS::RefreshTokenIsAvailable
[21848:16248:0624/211647.707:VERBOSE1:components\signin\internal\identity_manager\mutable_profile_oauth2_token_service_delegate.cc:443] MutablePO2TS::RefreshTokenIsAvailable
[21848:16248:0624/211647.707:VERBOSE1:components\signin\core\browser\account_reconcilor.cc:338] AccountReconcilor::OnEndBatchOfRefreshTokenStateChanges. Reconcilor state: 1
[21848:16248:0624/211647.708:VERBOSE1:chrome\browser\local_discovery\service_discovery_device_lister.cc:36] DeviceListerStart: service_type: _googlecast._tcp.local
[21848:16248:0624/211647.708:VERBOSE1:chrome\browser\local_discovery\service_discovery_device_lister.cc:42] DiscoverNewDevices: service_type: _googlecast._tcp.local
[22016:7788:0624/211647.710:VERBOSE1:net\proxy_resolution\configured_proxy_resolution_service.cc:1223] Failed configuring with PAC script, falling-back to manual proxy servers.
[21848:16248:0624/211647.710:VERBOSE1:chrome\browser\profiles\profile_manager.cc:1408] AddKeepAlive(Default, kExtensionUpdater). keep_alives=[kBrowserWindow (1), kExtensionUpdater (1)]
[21848:21488:0624/211647.714:VERBOSE1:content\browser\loader\file_url_loader_factory.cc:474] FileURLLoader::Start: file:///C:/Users/THIS%20PC/Desktop/%E0%B8%A3%E0%B8%A7%E0%B8%A1%E0%B9%80%E0%B8%A3%E0%B8%B7%E0%B9%88%E0%B8%AD%E0%B8%87%E0%B8%87%E0%B8%B2%E0%B8%99/MIS%20Interactive%20Dashboard/PMIS%205%20May%2069.html
[22016:7788:0624/211647.715:VERBOSE1:net\base\network_delegate.cc:38] NetworkDelegate::NotifyBeforeURLRequest: https://accounts.google.com/ListAccounts?gpsia=1&source=ChromiumBrowser&json=standard&laf=b64bin
[22016:7788:0624/211647.716:VERBOSE1:net\base\network_delegate.cc:38] NetworkDelegate::NotifyBeforeURLRequest: https://clientservices.googleapis.com/chrome-variations/seed?osname=win&channel=stable&milestone=148
[22016:7788:0624/211647.719:VERBOSE1:net\base\network_delegate.cc:38] NetworkDelegate::NotifyBeforeURLRequest: https://clients2.google.com/service/update2/crx?os=win&arch=x64&os_arch=x86_64&prod=chromecrx&prodchannel=&prodversion=148.0.7778.179&lang=en-US&acceptformat=crx3,puff&x=id%3Daegnopegbbhjeeiganiajffnalhlkkjb%26v%3D0.0.0.0%26installedby%3Dexternal%26uc%26ping%3Dr%253D-1%2526e%253D1&x=id%3Defaidnbmnnnibpcajpcglclefindmkaj%26v%3D0.0.0.0%26installedby%3Dexternal%26uc%26ping%3Dr%253D-1%2526e%253D1&x=id%3Dfheoggkfdfchfphceeifdbepaooicaho%26v%3D0.0.0.0%26installedby%3Dexternal%26uc%26ping%3Dr%253D-1%2526e%253D1&x=id%3Dghbmnnjooekpmoecnnnilnnbdlolhkhi%26v%3D0.0.0.0%26installedby%3Dinternal%26uc%26ping%3Dr%253D-1%2526e%253D1&x=id%3Dnmmhkkegccagdldgiimedpiccmgmieda%26v%3D0.0.0.0%26installedby%3Dother%26uc%26ping%3Dr%253D-1%2526e%253D1
[22016:7788:0624/211647.721:VERBOSE1:net\base\network_delegate.cc:38] NetworkDelegate::NotifyBeforeURLRequest: https://www.google.com/async/folae?async=_fmt:pb&udm=50&client_locale=en-US
[22016:7788:0624/211647.738:VERBOSE1:net\proxy_resolution\configured_proxy_resolution_service.cc:1223] Failed configuring with PAC script, falling-back to manual proxy servers.
[21848:16248:0624/211647.741:VERBOSE1:chrome\browser\component_updater\widevine_cdm_component_installer.cc:94] Registering Widevine CDM 4.10.3050.0 with Chrome
[21848:16248:0624/211647.741:VERBOSE1:components\privacy_sandbox\privacy_sandbox_attestations\privacy_sandbox_attestations.cc:480] Parsed Privacy Sandbox Attestation list version: 2025.7.18.0
[21848:16248:0624/211647.741:VERBOSE1:components\privacy_sandbox\privacy_sandbox_attestations\privacy_sandbox_attestations.cc:482] Number of attestation entries: 263
[22016:3864:0624/211647.745:VERBOSE1:net\disk_cache\simple\simple_index_file.cc:609] Simple Cache Index is being restored from disk.
[21848:16248:0624/211647.747:VERBOSE1:chrome\browser\web_applications\locks\partitioned_lock_manager.cc:262] Acquiring <PartitionedLockId>{id: 0x31, partition: 0} for Start@chrome\browser\web_applications\generated_icon_fix_manager.cc:61
[21848:16248:0624/211647.747:VERBOSE1:chrome\browser\web_applications\locks\partitioned_lock_manager.cc:243] All locks acquired for Start@chrome\browser\web_applications\generated_icon_fix_manager.cc:61
[21848:16248:0624/211647.750:VERBOSE1:components\signin\internal\identity_manager\mutable_profile_oauth2_token_service_delegate.cc:443] MutablePO2TS::RefreshTokenIsAvailable
[21848:16248:0624/211647.755:VERBOSE1:chrome\browser\web_applications\locks\partitioned_lock_manager.cc:286] Releasing <PartitionedLockId>{id: 0x31, partition: 0} requested by Start@chrome\browser\web_applications\generated_icon_fix_manager.cc:61
[1504:25584:0624/211647.760:VERBOSE1:extensions\renderer\script_context.cc:150] Created context:
  extension id:           (none)
  frame:                  0x65fc020304e8
  URL:                    
  context_type:           WEB_PAGE
  effective extension id: (none)
  effective context type: WEB_PAGE
[1504:25584:0624/211647.761:VERBOSE1:extensions\renderer\script_context.cc:150] Created context:
  extension id:           (none)
  frame:                  (nil)
  URL:                    
  context_type:           UNSPECIFIED
  effective extension id: (none)
  effective context type: UNSPECIFIED
[1504:25584:0624/211647.761:VERBOSE1:extensions\renderer\dispatcher.cc:493] Num tracked contexts: 1
[21848:16248:0624/211647.764:VERBOSE1:components\signin\internal\identity_manager\mutable_profile_oauth2_token_service_delegate.cc:443] MutablePO2TS::RefreshTokenIsAvailable
[22016:7788:0624/211647.766:VERBOSE1:net\base\network_delegate.cc:38] NetworkDelegate::NotifyBeforeURLRequest: https://cdn.tailwindcss.com/
[22016:7788:0624/211647.767:VERBOSE1:net\base\network_delegate.cc:38] NetworkDelegate::NotifyBeforeURLRequest: https://unpkg.com/react@18/umd/react.production.min.js
[22016:7788:0624/211647.767:VERBOSE1:net\base\network_delegate.cc:38] NetworkDelegate::NotifyBeforeURLRequest: https://unpkg.com/react-dom@18/umd/react-dom.production.min.js
[22016:7788:0624/211647.767:VERBOSE1:net\base\network_delegate.cc:38] NetworkDelegate::NotifyBeforeURLRequest: https://unpkg.com/react-is@18/umd/react-is.production.min.js
[22016:7788:0624/211647.768:VERBOSE1:net\base\network_delegate.cc:38] NetworkDelegate::NotifyBeforeURLRequest: https://unpkg.com/@babel/standalone/babel.min.js
[22016:7788:0624/211647.768:VERBOSE1:net\base\network_delegate.cc:38] NetworkDelegate::NotifyBeforeURLRequest: https://unpkg.com/prop-types@15.6.2/prop-types.min.js
[22016:7788:0624/211647.768:VERBOSE1:net\base\network_delegate.cc:38] NetworkDelegate::NotifyBeforeURLRequest: https://unpkg.com/recharts/umd/Recharts.js
[22016:7788:0624/211647.769:VERBOSE1:net\base\network_delegate.cc:38] NetworkDelegate::NotifyBeforeURLRequest: https://fonts.googleapis.com/css2?family=Sarabun:wght@300;400;500;600;700;800&family=IBM+Plex+Sans+Thai:wght@400;500;600;700&display=swap
[22016:7788:0624/211647.769:VERBOSE1:net\proxy_resolution\configured_proxy_resolution_service.cc:1223] Failed configuring with PAC script, falling-back to manual proxy servers.
[21848:16248:0624/211647.809:VERBOSE1:components\segmentation_platform\internal\signals\signal_filter_processor.cc:61] Segmentation platform started observing Session.TotalDuration
[21848:16248:0624/211647.809:VERBOSE1:components\segmentation_platform\internal\signals\signal_filter_processor.cc:61] Segmentation platform started observing Commerce.PriceDrops.ActiveTabNavigationComplete.IsProductDetailPage
[21848:16248:0624/211647.809:VERBOSE1:components\segmentation_platform\internal\signals\signal_filter_processor.cc:54] Segmentation platform started observing Autofill_PolledCreditCardSuggestions
[21848:16248:0624/211647.809:VERBOSE1:components\segmentation_platform\internal\signals\signal_filter_processor.cc:61] Segmentation platform started observing IOS.ParcelTracking.Tracked.AutoTrack
[21848:16248:0624/211647.809:VERBOSE1:components\segmentation_platform\internal\signals\signal_filter_processor.cc:61] Segmentation platform started observing Omnibox.SuggestionUsed.ClientSummarizedResultType
[21848:16248:0624/211647.809:VERBOSE1:components\segmentation_platform\internal\signals\signal_filter_processor.cc:54] Segmentation platform started observing MetadataWriter
[21848:16248:0624/211647.809:VERBOSE1:components\segmentation_platform\internal\signals\signal_filter_processor.cc:61] Segmentation platform started observing Sync.DeviceCount2
[21848:16248:0624/211647.809:VERBOSE1:components\segmentation_platform\internal\signals\signal_filter_processor.cc:61] Segmentation platform started observing Sync.DeviceCount2.Phone
[21848:16248:0624/211647.809:VERBOSE1:components\segmentation_platform\internal\signals\signal_filter_processor.cc:61] Segmentation platform started observing Sync.DeviceCount2.Desktop
[21848:16248:0624/211647.809:VERBOSE1:components\segmentation_platform\internal\signals\signal_filter_processor.cc:61] Segmentation platform started observing Sync.DeviceCount2.Tablet
[21848:16248:0624/211647.809:VERBOSE1:components\segmentation_platform\internal\signals\signal_filter_processor.cc:54] Segmentation platform started observing MobileBookmarkManagerOpen
[21848:16248:0624/211647.809:VERBOSE1:components\segmentation_platform\internal\signals\signal_filter_processor.cc:54] Segmentation platform started observing NewTabPage.MostVisited.Clicked
[21848:16248:0624/211647.809:VERBOSE1:components\segmentation_platform\internal\signals\signal_filter_processor.cc:54] Segmentation platform started observing TabGroup.Created.OpenInNewTab
[21848:16248:0624/211647.809:VERBOSE1:components\segmentation_platform\internal\signals\signal_filter_processor.cc:54] Segmentation platform started observing Android.HistoryPage.OpenItem
[21848:16248:0624/211647.809:VERBOSE1:components\segmentation_platform\internal\signals\signal_filter_processor.cc:54] Segmentation platform started observing MobileMenuRecentTabs
[21848:16248:0624/211647.809:VERBOSE1:components\segmentation_platform\internal\signals\signal_filter_processor.cc:61] Segmentation platform started observing PasswordManager.ManagePasswordsReferrer
[21848:16248:0624/211647.809:VERBOSE1:components\segmentation_platform\internal\signals\signal_filter_processor.cc:61] Segmentation platform started observing PasswordManager.ProfileStore.TotalAccountsHiRes3.WithScheme.Https
[21848:16248:0624/211647.809:VERBOSE1:components\segmentation_platform\internal\signals\signal_filter_processor.cc:61] Segmentation platform started observing PasswordManager.FillingAssistance
[21848:16248:0624/211647.809:VERBOSE1:components\segmentation_platform\internal\signals\signal_filter_processor.cc:61] Segmentation platform started observing PasswordManager.SavedPasswordIsGenerated
[21848:16248:0624/211647.809:VERBOSE1:components\segmentation_platform\internal\signals\signal_filter_processor.cc:61] Segmentation platform started observing PasswordManager.SaveUIDismissalReason
[21848:16248:0624/211647.809:VERBOSE1:components\segmentation_platform\internal\signals\signal_filter_processor.cc:61] Segmentation platform started observing PasswordManager.SaveUIDismissalReason
[21848:16248:0624/211647.809:VERBOSE1:components\segmentation_platform\internal\signals\signal_filter_processor.cc:61] Segmentation platform started observing IOS.CredentialExtension.IsEnabled.Startup
[21848:16248:0624/211647.809:VERBOSE1:components\segmentation_platform\internal\signals\signal_filter_processor.cc:61] Segmentation platform started observing Session.TotalDuration
[21848:11492:0624/211647.837:VERBOSE1:net\disk_cache\simple\simple_index_file.cc:609] Simple Cache Index is being restored from disk.
[2488:21004:0624/211647.870:INFO:third_party\webrtc\rtc_base\cpu_info.cc:77] Available number of cores: 8
[12608:3488:0624/211647.913:INFO:third_party\webrtc\rtc_base\cpu_info.cc:77] Available number of cores: 8
[2488:21004:0624/211647.919:VERBOSE1:extensions\renderer\script_context.cc:150] Created context:
  extension id:           nkeimhogjdpnpccoofpliimaahmaaome
  frame:                  0x29fc020304e8
  URL:                    
  context_type:           BLESSED_EXTENSION
  effective extension id: nkeimhogjdpnpccoofpliimaahmaaome
  effective context type: BLESSED_EXTENSION
[2488:21004:0624/211647.920:VERBOSE1:extensions\renderer\script_context.cc:150] Created context:
  extension id:           (none)
  frame:                  (nil)
  URL:                    
  context_type:           UNSPECIFIED
  effective extension id: (none)
  effective context type: UNSPECIFIED
[2488:21004:0624/211647.921:VERBOSE1:extensions\renderer\dispatcher.cc:493] Num tracked contexts: 1
[7508:6264:0624/211647.936:INFO:third_party\webrtc\rtc_base\cpu_info.cc:77] Available number of cores: 8
[7508:25028:0624/211647.967:VERBOSE1:extensions\renderer\script_context.cc:150] Created context:
  extension id:           fignfifoniblkonapihmkfakmlgkbkcf
  frame:                  (nil)
  URL:                    
  context_type:           BLESSED_EXTENSION
  effective extension id: fignfifoniblkonapihmkfakmlgkbkcf
  effective context type: BLESSED_EXTENSION
[7508:25028:0624/211647.967:VERBOSE1:extensions\renderer\script_context.cc:150] Created context:
  extension id:           (none)
  frame:                  (nil)
  URL:                    
  context_type:           UNSPECIFIED
  effective extension id: (none)
  effective context type: UNSPECIFIED
[21848:16248:0624/211648.013:VERBOSE1:components\segmentation_platform\internal\selection\segment_result_provider.cc:136] GetSegmentResult: segment=OPTIMIZATION_TARGET_SEGMENTATION_DEVICE_SWITCHER ignoring DB score, executing model.
[21848:16248:0624/211648.013:VERBOSE1:components\segmentation_platform\internal\selection\segment_result_provider.cc:277] ExecuteModelAndGetScore: segment=OPTIMIZATION_TARGET_SEGMENTATION_DEVICE_SWITCHER server segment info not available
[21848:16248:0624/211648.013:VERBOSE1:components\segmentation_platform\internal\selection\segment_result_provider.cc:210] OnGotModelScore: segment=OPTIMIZATION_TARGET_SEGMENTATION_DEVICE_SWITCHER failed to get database model score, trying default model.
[22016:7788:0624/211648.303:VERBOSE1:net\third_party\quiche\src\quiche\quic\core\tls_handshaker.cc:109] TlsClient: Continuing handshake
[22016:7788:0624/211648.335:VERBOSE1:net\third_party\quiche\src\quiche\quic\core\tls_handshaker.cc:109] TlsClient: Continuing handshake
[22016:7788:0624/211648.337:VERBOSE1:net\third_party\quiche\src\quiche\quic\core\tls_handshaker.cc:109] TlsClient: Continuing handshake
[22016:7788:0624/211648.357:VERBOSE1:net\third_party\quiche\src\quiche\quic\core\tls_handshaker.cc:109] TlsClient: Continuing handshake
[22016:7788:0624/211648.358:VERBOSE1:net\third_party\quiche\src\quiche\quic\core\tls_handshaker.cc:109] TlsClient: Continuing handshake
[22016:7788:0624/211648.358:VERBOSE1:net\third_party\quiche\src\quiche\quic\core\tls_handshaker.cc:109] TlsClient: Continuing handshake
[22016:7788:0624/211648.360:VERBOSE1:net\third_party\quiche\src\quiche\quic\core\tls_handshaker.cc:109] TlsClient: Continuing handshake
[22016:7788:0624/211648.362:VERBOSE1:net\third_party\quiche\src\quiche\quic\core\tls_handshaker.cc:109] TlsClient: Continuing handshake
[22016:7788:0624/211648.489:VERBOSE1:net\third_party\quiche\src\quiche\quic\core\tls_handshaker.cc:109] TlsClient: Continuing handshake
[22016:7788:0624/211648.490:VERBOSE1:net\third_party\quiche\src\quiche\quic\core\tls_handshaker.cc:109] TlsClient: Continuing handshake
[22016:7788:0624/211648.545:VERBOSE1:net\third_party\quiche\src\quiche\quic\core\tls_handshaker.cc:109] TlsClient: Continuing handshake
[22016:7788:0624/211648.545:VERBOSE1:net\third_party\quiche\src\quiche\quic\core\tls_handshaker.cc:109] TlsClient: Continuing handshake
[22016:7788:0624/211648.546:VERBOSE1:net\third_party\quiche\src\quiche\quic\core\tls_handshaker.cc:109] TlsClient: Continuing handshake
[22016:7788:0624/211648.547:VERBOSE1:net\third_party\quiche\src\quiche\quic\core\tls_handshaker.cc:109] TlsClient: Continuing handshake
[22016:7788:0624/211648.558:VERBOSE1:net\third_party\quiche\src\quiche\quic\core\tls_handshaker.cc:109] TlsClient: Continuing handshake
[22016:7788:0624/211648.559:VERBOSE1:net\third_party\quiche\src\quiche\quic\core\tls_handshaker.cc:109] TlsClient: Continuing handshake
[22016:7788:0624/211648.560:VERBOSE1:net\third_party\quiche\src\quiche\quic\core\tls_handshaker.cc:109] TlsClient: Continuing handshake
[22016:7788:0624/211648.560:VERBOSE1:net\third_party\quiche\src\quiche\quic\core\tls_handshaker.cc:109] TlsClient: Continuing handshake
[22016:7788:0624/211648.562:VERBOSE1:net\third_party\quiche\src\quiche\quic\core\tls_handshaker.cc:109] TlsClient: Continuing handshake
[22016:7788:0624/211648.563:VERBOSE1:net\third_party\quiche\src\quiche\quic\core\tls_handshaker.cc:109] TlsClient: Continuing handshake
[21848:16248:0624/211648.617:VERBOSE1:components\signin\core\browser\account_reconcilor.cc:559] AccountReconcilor::OnAccountsInCookieUpdated: CookieJar 0 accounts, Reconcilor's state is 1, Error was 
[21848:16248:0624/211648.617:VERBOSE1:components\signin\core\browser\account_reconcilor.cc:653] AccountReconcilor::LoadValidAccountsFromTokenService: Chrome 0 accounts
[21848:16248:0624/211648.617:VERBOSE1:components\signin\core\browser\account_reconcilor.cc:783] AccountReconcilor::CalculateIfMultiloginReconcileIsDone: Error was 
[21848:16248:0624/211648.617:VERBOSE1:components\signin\core\browser\account_reconcilor.cc:689] AccountReconcilor::StartReconcileIfChromeAccountsChanged
[21848:16248:0624/211648.617:VERBOSE1:components\signin\core\browser\account_reconcilor.cc:559] AccountReconcilor::OnAccountsInCookieUpdated: CookieJar 0 accounts, Reconcilor's state is 1, Error was 
[21848:16248:0624/211648.617:VERBOSE1:components\signin\core\browser\account_reconcilor.cc:653] AccountReconcilor::LoadValidAccountsFromTokenService: Chrome 0 accounts
[21848:16248:0624/211648.617:VERBOSE1:components\signin\core\browser\account_reconcilor.cc:783] AccountReconcilor::CalculateIfMultiloginReconcileIsDone: Error was 
[21848:16248:0624/211648.617:VERBOSE1:components\signin\core\browser\account_reconcilor.cc:689] AccountReconcilor::StartReconcileIfChromeAccountsChanged
[22016:7788:0624/211648.666:VERBOSE1:net\base\network_delegate.cc:38] NetworkDelegate::NotifyBeforeURLRequest: https://unpkg.com/recharts@3.9.0/umd/Recharts.js
[22016:7788:0624/211648.684:VERBOSE1:net\base\network_delegate.cc:38] NetworkDelegate::NotifyBeforeURLRequest: https://unpkg.com/@babel/standalone@8.0.2/babel.min.js
[22016:7788:0624/211648.716:VERBOSE1:net\base\network_delegate.cc:38] NetworkDelegate::NotifyBeforeURLRequest: https://unpkg.com/react-is@18.3.1/umd/react-is.production.min.js
[22016:7788:0624/211648.733:VERBOSE1:net\base\network_delegate.cc:38] NetworkDelegate::NotifyBeforeURLRequest: https://cdn.tailwindcss.com/3.4.17
[22016:7788:0624/211648.784:VERBOSE1:net\base\network_delegate.cc:38] NetworkDelegate::NotifyBeforeURLRequest: https://clients2.googleusercontent.com/crx/blobs/AcPRoerTzz3sOxk7ol0AIUg8KgNSFSRwwTZWxkKmpnquK692ZOUBZSGt_2UzCAd1lMvxPLuZCJASbaKhadfjyXauD6NHU1apHR5zwG80E9eQeEzht0cxP-O9zfd0MC229llTAMZSmuUfGlpqUC7TIv9D6X2kWzgyUu981w/EFAIDNBMNNNIBPCAJPCGLCLEFINDMKAJ_26_6_2_0.crx
[22016:7788:0624/211648.816:VERBOSE1:net\base\network_delegate.cc:38] NetworkDelegate::NotifyBeforeURLRequest: https://unpkg.com/react@18.3.1/umd/react.production.min.js
[21848:16248:0624/211648.996:INFO:CONSOLE:64] "cdn.tailwindcss.com should not be used in production. To use Tailwind CSS in production, install it as a PostCSS plugin or use the Tailwind CLI: https://tailwindcss.com/docs/installation", source: https://cdn.tailwindcss.com/ (64)
[22016:7788:0624/211648.998:VERBOSE1:net\base\network_delegate.cc:38] NetworkDelegate::NotifyBeforeURLRequest: https://unpkg.com/react-dom@18.3.1/umd/react-dom.production.min.js
[22016:7788:0624/211649.536:VERBOSE1:net\third_party\quiche\src\quiche\quic\core\tls_handshaker.cc:109] TlsClient: Continuing handshake
[22016:7788:0624/211649.629:VERBOSE1:net\third_party\quiche\src\quiche\quic\core\tls_handshaker.cc:109] TlsClient: Continuing handshake
[22016:7788:0624/211649.629:VERBOSE1:net\third_party\quiche\src\quiche\quic\core\tls_handshaker.cc:109] TlsClient: Continuing handshake
[22016:7788:0624/211649.647:VERBOSE1:net\third_party\quiche\src\quiche\quic\core\tls_handshaker.cc:109] TlsClient: Continuing handshake
[22016:7788:0624/211649.647:VERBOSE1:net\third_party\quiche\src\quiche\quic\core\tls_handshaker.cc:109] TlsClient: Continuing handshake
[22016:7788:0624/211649.647:VERBOSE1:net\third_party\quiche\src\quiche\quic\core\tls_handshaker.cc:109] TlsClient: Continuing handshake
[21848:16248:0624/211649.653:INFO:CONSOLE:3] "You are using the in-browser Babel transformer. Be sure to precompile your scripts for production - https://babeljs.io/docs/setup/", source: https://unpkg.com/@babel/standalone/babel.min.js (3)
[22016:7788:0624/211649.732:VERBOSE1:net\third_party\quiche\src\quiche\quic\core\tls_handshaker.cc:109] TlsClient: Continuing handshake
[22016:7788:0624/211649.733:VERBOSE1:net\third_party\quiche\src\quiche\quic\core\tls_handshaker.cc:109] TlsClient: Continuing handshake
[22016:7788:0624/211649.871:VERBOSE1:net\third_party\quiche\src\quiche\quic\core\tls_handshaker.cc:109] TlsClient: Continuing handshake
[22016:7788:0624/211649.885:VERBOSE1:net\third_party\quiche\src\quiche\quic\core\tls_handshaker.cc:109] TlsClient: Continuing handshake
[22016:7788:0624/211649.890:VERBOSE1:net\third_party\quiche\src\quiche\quic\core\tls_handshaker.cc:109] TlsClient: Continuing handshake
[22016:7788:0624/211649.914:VERBOSE1:net\third_party\quiche\src\quiche\quic\core\tls_handshaker.cc:109] TlsClient: Continuing handshake
[22016:7788:0624/211649.914:VERBOSE1:net\third_party\quiche\src\quiche\quic\core\tls_handshaker.cc:109] TlsClient: Continuing handshake
[22016:7788:0624/211649.914:VERBOSE1:net\third_party\quiche\src\quiche\quic\core\tls_handshaker.cc:109] TlsClient: Continuing handshake
[22016:7788:0624/211649.916:VERBOSE1:net\third_party\quiche\src\quiche\quic\core\tls_handshaker.cc:109] TlsClient: Continuing handshake
[21848:16248:0624/211650.169:INFO:CONSOLE:17] "Uncaught SyntaxError: Failed to execute 'appendChild' on 'Node': Cannot use import statement outside a module", source: file:///C:/Users/THIS%20PC/Desktop/%E0%B8%A3%E0%B8%A7%E0%B8%A1%E0%B9%80%E0%B8%A3%E0%B8%B7%E0%B9%88%E0%B8%AD%E0%B8%87%E0%B8%87%E0%B8%B2%E0%B8%99/MIS%20Interactive%20Dashboard/PMIS%205%20May%2069.html (17)
[22016:7788:0624/211650.171:VERBOSE1:net\base\network_delegate.cc:38] NetworkDelegate::NotifyBeforeURLRequest: https://translate.googleapis.com/translate_a/l?client=chrome&hl=en&key=AIzaSyA2KlwBX3mkFo30om9LUFYQhpqLoa_BNhE
[7508:25028:0624/211651.232:VERBOSE1:extensions\renderer\script_context.cc:163] Destroyed context for extension
  extension id: fignfifoniblkonapihmkfakmlgkbkcf
  effective extension id: fignfifoniblkonapihmkfakmlgkbkcf
[7508:25028:0624/211651.233:VERBOSE1:extensions\renderer\script_context.cc:163] Destroyed context for extension
  extension id: 
  effective extension id: 
